TN:
SF:src/app.ts
FNF:0
FNH:0
DA:8,1
DA:10,1
DA:11,1
DA:12,1
DA:13,1
DA:14,1
DA:15,1
DA:17,1
LF:8
LH:8
BRDA:14,0,0,1
BRF:1
BRH:1
end_of_record
TN:
SF:src/database.ts
FNF:0
FNH:0
DA:3,1
DA:4,1
LF:2
LH:2
BRF:0
BRH:0
end_of_record
TN:
SF:src/controllers/recommendationController.ts
FN:7,insert
FN:18,upvote
FN:26,downvote
FN:34,random
FN:40,get
FN:45,getTop
FN:52,getById
FNF:7
FNH:7
FNDA:4,insert
FNDA:1,upvote
FNDA:1,downvote
FNDA:1,random
FNDA:1,get
FNDA:1,getTop
FNDA:1,getById
DA:8,4
DA:9,4
DA:10,3
DA:13,1
DA:15,1
DA:19,1
DA:21,1
DA:23,1
DA:27,1
DA:29,1
DA:31,1
DA:35,1
DA:37,1
DA:41,1
DA:42,1
DA:46,1
DA:48,1
DA:49,1
DA:53,1
DA:55,1
DA:56,1
DA:60,1
LF:22
LH:22
BRDA:9,0,0,3
BRF:1
BRH:1
end_of_record
TN:
SF:src/controllers/testsController.ts
FN:4,deleteAll
FN:9,seed
FNF:2
FNH:0
FNDA:0,deleteAll
FNDA:0,seed
DA:6,0
DA:7,0
DA:11,0
DA:12,0
DA:15,1
LF:5
LH:1
BRF:0
BRH:0
end_of_record
TN:
SF:src/middlewares/errorHandlerMiddleware.ts
FN:8,errorHandlerMiddleware
FNF:1
FNH:1
FNDA:3,errorHandlerMiddleware
DA:14,3
DA:16,3
DA:17,3
DA:20,0
LF:4
LH:3
BRDA:16,0,0,3
BRF:1
BRH:1
end_of_record
TN:
SF:src/repositories/recommendationRepository.ts
FN:5,create
FN:16,findAll
FN:25,getAmountByScore
FN:32,getFindAllFilter
FN:44,find
FN:50,findByName
FN:56,updateScore
FN:66,remove
FNF:8
FNH:7
FNDA:1,create
FNDA:2,findAll
FNDA:1,getAmountByScore
FNDA:2,getFindAllFilter
FNDA:3,find
FNDA:1,findByName
FNDA:2,updateScore
FNDA:0,remove
DA:6,1
DA:17,2
DA:19,2
DA:26,1
DA:35,2
DA:37,1
DA:39,1
DA:45,3
DA:51,1
DA:58,2
DA:67,0
DA:72,1
LF:12
LH:11
BRDA:35,0,0,1
BRF:1
BRH:1
end_of_record
TN:
SF:src/repositories/testsRepository.ts
FN:3,truncate
FN:6,seed
FNF:2
FNH:0
FNDA:0,truncate
FNDA:0,seed
DA:4,0
DA:7,0
DA:11,1
LF:3
LH:1
BRF:0
BRH:0
end_of_record
TN:
SF:src/routers/recommendationRouter.ts
FNF:0
FNH:0
DA:4,1
DA:6,1
DA:7,1
DA:8,1
DA:9,1
DA:10,1
DA:11,1
DA:12,1
LF:8
LH:8
BRF:0
BRH:0
end_of_record
TN:
SF:src/routers/testsRouter.ts
FNF:0
FNH:0
DA:4,1
DA:6,1
DA:7,1
LF:3
LH:3
BRF:0
BRH:0
end_of_record
TN:
SF:src/schemas/recommendationsSchemas.ts
FNF:0
FNH:0
DA:4,1
DA:6,1
LF:2
LH:2
BRF:0
BRH:0
end_of_record
TN:
SF:src/services/recommendationsService.ts
FN:7,insert
FN:17,upvote
FN:23,downvote
FN:36,getByIdOrFail
FN:43,get
FN:47,getTop
FN:51,getRandom
FN:64,getByScore
FN:77,getScoreFilter
FNF:9
FNH:9
FNDA:1,insert
FNDA:1,upvote
FNDA:1,downvote
FNDA:3,getByIdOrFail
FNDA:1,get
FNDA:1,getTop
FNDA:1,getRandom
FNDA:1,getByScore
FNDA:1,getScoreFilter
DA:8,1
DA:11,1
DA:12,0
DA:14,1
DA:18,1
DA:20,1
DA:24,1
DA:26,1
DA:31,1
DA:32,0
DA:37,3
DA:38,3
DA:40,3
DA:44,1
DA:48,1
DA:52,1
DA:53,1
DA:55,1
DA:56,1
DA:57,0
DA:60,1
DA:61,1
DA:65,1
DA:70,1
DA:71,1
DA:74,0
DA:78,1
DA:79,0
DA:82,1
DA:85,1
LF:30
LH:25
BRDA:11,0,0,0
BRDA:31,1,0,0
BRDA:38,2,0,0
BRDA:56,3,0,0
BRDA:70,4,0,1
BRDA:78,5,0,0
BRF:6
BRH:1
end_of_record
TN:
SF:src/services/testService.ts
FN:4,deleteAll
FN:7,seed
FNF:2
FNH:0
FNDA:0,deleteAll
FNDA:0,seed
DA:5,0
DA:8,0
DA:11,1
LF:3
LH:1
BRF:0
BRH:0
end_of_record
TN:
SF:src/utils/errorUtils.ts
FN:7,isAppError
FN:11,errorTypeToStatusCode
FN:19,conflictError
FN:23,notFoundError
FN:27,unauthorizedError
FN:31,wrongSchemaError
FNF:6
FNH:3
FNDA:3,isAppError
FNDA:3,errorTypeToStatusCode
FNDA:0,conflictError
FNDA:0,notFoundError
FNDA:0,unauthorizedError
FNDA:3,wrongSchemaError
DA:8,3
DA:12,3
DA:13,3
DA:14,3
DA:15,3
DA:16,0
DA:20,0
DA:24,0
DA:28,0
DA:32,3
LF:10
LH:6
BRDA:12,0,0,0
BRDA:13,1,0,0
BRDA:14,2,0,0
BRDA:15,3,0,3
BRDA:20,4,0,0
BRDA:20,4,1,0
BRDA:20,5,0,0
BRDA:20,5,1,0
BRDA:24,6,0,0
BRDA:24,6,1,0
BRDA:24,7,0,0
BRDA:24,7,1,0
BRDA:28,8,0,0
BRDA:28,8,1,0
BRDA:28,9,0,0
BRDA:28,9,1,0
BRDA:32,10,0,0
BRDA:32,10,1,3
BRDA:32,11,0,3
BRDA:32,11,1,3
BRF:20
BRH:4
end_of_record
TN:
SF:test/factories/recommendationBodyFactory.ts
FN:4,createRecommendation
FNF:1
FNH:1
FNDA:3,createRecommendation
DA:5,3
DA:9,3
DA:12,3
LF:3
LH:3
BRF:0
BRH:0
end_of_record
TN:
SF:test/factories/recommendationsBodyManyFactory.ts
FN:4,createManyRecommendation
FNF:1
FNH:1
FNDA:6,createManyRecommendation
DA:6,6
DA:61,6
LF:2
LH:2
BRF:0
BRH:0
end_of_record
